Using pre-set license
Built from '2021.1/release' branch; Version is '2021.1.0f1 (61a549675243) revision 6399305'; Using compiler version '192528614'; Build Type 'Release'
OS: 'Windows 10 Pro; OS build 18363.1441; Version 1909; 64bit' Language: 'ru' Physical Memory: 16332 MB
BatchMode: 1, IsHumanControllingUs: 0, StartBugReporterOnCrash: 0, Is64bit: 1, IsPro: 0

 COMMAND LINE ARGUMENTS:
G:\1\2021.1.0f1\Editor\Unity.exe
-adb2
-batchMode
-noUpm
-name
AssetImportWorker0
-projectPath
D:/LearnUnity/TestSpawnEnemies
-logFile
Logs/AssetImportWorker0.log
-srvPort
50548
Successfully changed project path to: D:/LearnUnity/TestSpawnEnemies
D:/LearnUnity/TestSpawnEnemies
Using Asset Import Pipeline V2.
Refreshing native plugins compatible for Editor in 119.21 ms, found 2 plugins.
Preloading 0 native plugins for Editor in 0.00 ms.
Initialize engine version: 2021.1.0f1 (61a549675243)
[Subsystems] Discovering subsystems at path G:/1/2021.1.0f1/Editor/Data/Resources/UnitySubsystems
[Subsystems] Discovering subsystems at path D:/LearnUnity/TestSpawnEnemies/Assets
GfxDevice: creating device client; threaded=0; jobified=0
Direct3D:
    Version:  Direct3D 11.0 [level 11.1]
    Renderer: Radeon RX 570 Series (ID=0x67df)
    Vendor:   ATI
    VRAM:     8171 MB
    Driver:   27.20.12029.1000
Initialize mono
Mono path[0] = 'G:/1/2021.1.0f1/Editor/Data/Managed'
Mono path[1] = 'G:/1/2021.1.0f1/Editor/Data/MonoBleedingEdge/lib/mono/unityjit'
Mono config path = 'G:/1/2021.1.0f1/Editor/Data/MonoBleedingEdge/etc'
Using monoOptions --debugger-agent=transport=dt_socket,embedding=1,server=y,suspend=n,address=127.0.0.1:56460
Begin MonoManager ReloadAssembly
Registering precompiled unity dll's ...
Register platform support module: G:/1/2021.1.0f1/Editor/Data/PlaybackEngines/WindowsStandaloneSupport/UnityEditor.WindowsStandalone.Extensions.dll
Registered in 0.002599 seconds.
Native extension for WindowsStandalone target not found
Refreshing native plugins compatible for Editor in 99.82 ms, found 2 plugins.
Preloading 0 native plugins for Editor in 0.00 ms.
Mono: successfully reloaded assembly
- Completed reload, in  1.992 seconds
Platform modules already initialized, skipping
Registering precompiled user dll's ...
Registered in 0.003831 seconds.
Begin MonoManager ReloadAssembly
Native extension for WindowsStandalone target not found
Refreshing native plugins compatible for Editor in 99.36 ms, found 2 plugins.
Preloading 0 native plugins for Editor in 0.00 ms.
Mono: successfully reloaded assembly
- Completed reload, in  1.757 seconds
Platform modules already initialized, skipping
========================================================================
Worker process is ready to serve import requests
Launched and connected shader compiler UnityShaderCompiler.exe after 0.07 seconds
Refreshing native plugins compatible for Editor in 0.65 ms, found 2 plugins.
Preloading 0 native plugins for Editor in 0.00 ms.
Unloading 3365 Unused Serialized files (Serialized files now loaded: 0)
System memory in use before: 127.4 MB.
System memory in use after: 127.5 MB.

Unloading 29 unused Assets to reduce memory usage. Loaded Objects now: 3816.
Total: 3.833169 ms (FindLiveObjects: 0.306114 ms CreateObjectMapping: 0.096381 ms MarkObjects: 3.266058 ms  DeleteObjects: 0.133886 ms)

========================================================================
Received Import Request.
  path: Assets
  artifactKey: Guid(00000000000000001000000000000000) Importer(815301076,1909f56bfc062723c751e8b465ee728b)
Start importing Assets using Guid(00000000000000001000000000000000) Importer(815301076,1909f56bfc062723c751e8b465ee728b)  -> (artifact id: 'c1e3b0d4d28e3570eb9237b2a8027d38') in 0.013106 seconds 
========================================================================
Received Import Request.
  Time since last request: 0.470821 seconds.
  path: Assets/Sprites
  artifactKey: Guid(569d6752775ba5d468302d7f730fe8c4) Importer(815301076,1909f56bfc062723c751e8b465ee728b)
Start importing Assets/Sprites using Guid(569d6752775ba5d468302d7f730fe8c4) Importer(815301076,1909f56bfc062723c751e8b465ee728b)  -> (artifact id: '9f0d323248dea0dc06e165640a1591b5') in 0.003285 seconds 
========================================================================
Received Import Request.
  Time since last request: 147.504587 seconds.
  path: Assets/Sprites/BackGroundSite_1.png
  artifactKey: Guid(e0fdec0531cf323488294a5967af911b) Importer(815301076,1909f56bfc062723c751e8b465ee728b)
Start importing Assets/Sprites/BackGroundSite_1.png using Guid(e0fdec0531cf323488294a5967af911b) Importer(815301076,1909f56bfc062723c751e8b465ee728b)  -> (artifact id: '4bd77d6ca86cd742cd6821c91a61635d') in 0.488556 seconds 
========================================================================
Received Import Request.
  Time since last request: 291.398166 seconds.
  path: Assets/Scripts
  artifactKey: Guid(a505ba9387f20eb4b82d3564b3295ec0) Importer(815301076,1909f56bfc062723c751e8b465ee728b)
Start importing Assets/Scripts using Guid(a505ba9387f20eb4b82d3564b3295ec0) Importer(815301076,1909f56bfc062723c751e8b465ee728b)  -> (artifact id: 'ac046cd1b1421110a10280444fe20c54') in 0.003386 seconds 
========================================================================
Received Import Request.
  Time since last request: 20.258733 seconds.
  path: Assets/Scripts/SpawnEnemies.cs
  artifactKey: Guid(cf3efb1f12043b245b62ebdff6de7c54) Importer(815301076,1909f56bfc062723c751e8b465ee728b)
Start importing Assets/Scripts/SpawnEnemies.cs using Guid(cf3efb1f12043b245b62ebdff6de7c54) Importer(815301076,1909f56bfc062723c751e8b465ee728b)  -> (artifact id: '8c1afd11b80ae1b5d19d77b104f3fdac') in 0.021884 seconds 
========================================================================
Received Prepare
Registering precompiled user dll's ...
Registered in 0.003884 seconds.
Begin MonoManager ReloadAssembly
Native extension for WindowsStandalone target not found
Refreshing native plugins compatible for Editor in 0.64 ms, found 2 plugins.
Preloading 0 native plugins for Editor in 0.00 ms.
Mono: successfully reloaded assembly
- Completed reload, in  1.745 seconds
Platform modules already initialized, skipping
Refreshing native plugins compatible for Editor in 0.68 ms, found 2 plugins.
Preloading 0 native plugins for Editor in 0.01 ms.
Unloading 3362 Unused Serialized files (Serialized files now loaded: 0)
System memory in use before: 141.7 MB.
System memory in use after: 141.8 MB.

Unloading 17 unused Assets to reduce memory usage. Loaded Objects now: 3842.
Total: 2.781638 ms (FindLiveObjects: 0.303810 ms CreateObjectMapping: 0.086603 ms MarkObjects: 2.244978 ms  DeleteObjects: 0.108533 ms)

========================================================================
Received Import Request.
  Time since last request: 230.897365 seconds.
  path: Assets/Sprites/BackGroundSite_1.png
  artifactKey: Guid(e0fdec0531cf323488294a5967af911b) Importer(815301076,1909f56bfc062723c751e8b465ee728b)
Start importing Assets/Sprites/BackGroundSite_1.png using Guid(e0fdec0531cf323488294a5967af911b) Importer(815301076,1909f56bfc062723c751e8b465ee728b)  -> (artifact id: '8a1ef9b1f644a102672209d27684bfff') in 0.132636 seconds 
========================================================================
Received Import Request.
  Time since last request: 11.762755 seconds.
  path: Assets/Sprites/BackGroundSite_1.png
  artifactKey: Guid(e0fdec0531cf323488294a5967af911b) Importer(815301076,1909f56bfc062723c751e8b465ee728b)
Start importing Assets/Sprites/BackGroundSite_1.png using Guid(e0fdec0531cf323488294a5967af911b) Importer(815301076,1909f56bfc062723c751e8b465ee728b)  -> (artifact id: '7e7ffe0e1f634da6583496af955f405e') in 0.013674 seconds 
========================================================================
Received Prepare
Registering precompiled user dll's ...
Registered in 0.003850 seconds.
Begin MonoManager ReloadAssembly
Native extension for WindowsStandalone target not found
Refreshing native plugins compatible for Editor in 0.64 ms, found 2 plugins.
Preloading 0 native plugins for Editor in 0.00 ms.
Mono: successfully reloaded assembly
- Completed reload, in  1.785 seconds
Platform modules already initialized, skipping
Refreshing native plugins compatible for Editor in 0.65 ms, found 2 plugins.
Preloading 0 native plugins for Editor in 0.00 ms.
Unloading 3361 Unused Serialized files (Serialized files now loaded: 0)
System memory in use before: 142.5 MB.
System memory in use after: 142.6 MB.

Unloading 17 unused Assets to reduce memory usage. Loaded Objects now: 3875.
Total: 3.022940 ms (FindLiveObjects: 0.583873 ms CreateObjectMapping: 0.172159 ms MarkObjects: 2.118216 ms  DeleteObjects: 0.118102 ms)

========================================================================
Received Import Request.
  Time since last request: 12701.891504 seconds.
  path: Assets/Scripts/SpawnEnemies.cs
  artifactKey: Guid(cf3efb1f12043b245b62ebdff6de7c54) Importer(815301076,1909f56bfc062723c751e8b465ee728b)
Start importing Assets/Scripts/SpawnEnemies.cs using Guid(cf3efb1f12043b245b62ebdff6de7c54) Importer(815301076,1909f56bfc062723c751e8b465ee728b)  -> (artifact id: '94aebcb4d225f1af658cdec90db772c5') in 0.008123 seconds 
========================================================================
Received Prepare
Registering precompiled user dll's ...
Registered in 0.003695 seconds.
Begin MonoManager ReloadAssembly
Native extension for WindowsStandalone target not found
Refreshing native plugins compatible for Editor in 0.65 ms, found 2 plugins.
Preloading 0 native plugins for Editor in 0.00 ms.
Mono: successfully reloaded assembly
- Completed reload, in  1.755 seconds
Platform modules already initialized, skipping
Refreshing native plugins compatible for Editor in 0.63 ms, found 2 plugins.
Preloading 0 native plugins for Editor in 0.01 ms.
Unloading 3361 Unused Serialized files (Serialized files now loaded: 0)
System memory in use before: 142.5 MB.
System memory in use after: 142.6 MB.

Unloading 17 unused Assets to reduce memory usage. Loaded Objects now: 3879.
Total: 2.638883 ms (FindLiveObjects: 0.301644 ms CreateObjectMapping: 0.089676 ms MarkObjects: 2.107251 ms  DeleteObjects: 0.102527 ms)

========================================================================
Received Import Request.
  Time since last request: 299.553895 seconds.
  path: Assets/Scripts/SpawnEnemies.cs
  artifactKey: Guid(cf3efb1f12043b245b62ebdff6de7c54) Importer(815301076,1909f56bfc062723c751e8b465ee728b)
Start importing Assets/Scripts/SpawnEnemies.cs using Guid(cf3efb1f12043b245b62ebdff6de7c54) Importer(815301076,1909f56bfc062723c751e8b465ee728b)  -> (artifact id: 'a8d8704597c32c2e033f4f6f9a6d64e0') in 0.008123 seconds 
========================================================================
Received Import Request.
  Time since last request: 41.597432 seconds.
  path: Assets/Sprites/SamIcon2.png
  artifactKey: Guid(b7bea9054bd3b9842ba912fd0e5b9e5f) Importer(815301076,1909f56bfc062723c751e8b465ee728b)
Start importing Assets/Sprites/SamIcon2.png using Guid(b7bea9054bd3b9842ba912fd0e5b9e5f) Importer(815301076,1909f56bfc062723c751e8b465ee728b)  -> (artifact id: '4faffc56d502b60e13a1c7ac6c28c244') in 0.110570 seconds 
========================================================================
Received Import Request.
  Time since last request: 112.294792 seconds.
  path: Assets/Prefab/Enemy.prefab
  artifactKey: Guid(abb9657c34d171041b2104b4d4126bee) Importer(815301076,1909f56bfc062723c751e8b465ee728b)
Start importing Assets/Prefab/Enemy.prefab using Guid(abb9657c34d171041b2104b4d4126bee) Importer(815301076,1909f56bfc062723c751e8b465ee728b)  -> (artifact id: '9a09b8613cc08a32f65c3191516ff5cb') in 0.151875 seconds 
========================================================================
Received Prepare
Registering precompiled user dll's ...
Registered in 0.003693 seconds.
Begin MonoManager ReloadAssembly
Native extension for WindowsStandalone target not found
Refreshing native plugins compatible for Editor in 0.94 ms, found 2 plugins.
Preloading 0 native plugins for Editor in 0.01 ms.
Mono: successfully reloaded assembly
- Completed reload, in  1.746 seconds
Platform modules already initialized, skipping
Refreshing native plugins compatible for Editor in 0.62 ms, found 2 plugins.
Preloading 0 native plugins for Editor in 0.00 ms.
Unloading 3362 Unused Serialized files (Serialized files now loaded: 0)
System memory in use before: 143.3 MB.
System memory in use after: 143.4 MB.

Unloading 17 unused Assets to reduce memory usage. Loaded Objects now: 3904.
Total: 2.599423 ms (FindLiveObjects: 0.297803 ms CreateObjectMapping: 0.088210 ms MarkObjects: 2.089721 ms  DeleteObjects: 0.096800 ms)

========================================================================
Received Prepare
Registering precompiled user dll's ...
Registered in 0.003838 seconds.
Begin MonoManager ReloadAssembly
Native extension for WindowsStandalone target not found
Refreshing native plugins compatible for Editor in 0.66 ms, found 2 plugins.
Preloading 0 native plugins for Editor in 0.01 ms.
Mono: successfully reloaded assembly
- Completed reload, in  1.888 seconds
Platform modules already initialized, skipping
Refreshing native plugins compatible for Editor in 0.62 ms, found 2 plugins.
Preloading 0 native plugins for Editor in 0.00 ms.
Unloading 3361 Unused Serialized files (Serialized files now loaded: 0)
System memory in use before: 143.3 MB.
System memory in use after: 143.4 MB.

Unloading 17 unused Assets to reduce memory usage. Loaded Objects now: 3908.
Total: 2.699086 ms (FindLiveObjects: 0.307371 ms CreateObjectMapping: 0.093378 ms MarkObjects: 2.142521 ms  DeleteObjects: 0.109162 ms)

========================================================================
Received Prepare
Registering precompiled user dll's ...
Registered in 0.003777 seconds.
Begin MonoManager ReloadAssembly
Native extension for WindowsStandalone target not found
Refreshing native plugins compatible for Editor in 0.65 ms, found 2 plugins.
Preloading 0 native plugins for Editor in 0.01 ms.
Mono: successfully reloaded assembly
- Completed reload, in  1.729 seconds
Platform modules already initialized, skipping
Refreshing native plugins compatible for Editor in 0.95 ms, found 2 plugins.
Preloading 0 native plugins for Editor in 0.00 ms.
Unloading 3361 Unused Serialized files (Serialized files now loaded: 0)
System memory in use before: 143.3 MB.
System memory in use after: 143.4 MB.

Unloading 17 unused Assets to reduce memory usage. Loaded Objects now: 3912.
Total: 2.727442 ms (FindLiveObjects: 0.308140 ms CreateObjectMapping: 0.088210 ms MarkObjects: 2.186311 ms  DeleteObjects: 0.112305 ms)

========================================================================
Received Prepare
Registering precompiled user dll's ...
Registered in 0.003862 seconds.
Begin MonoManager ReloadAssembly
Native extension for WindowsStandalone target not found
Refreshing native plugins compatible for Editor in 0.64 ms, found 2 plugins.
Preloading 0 native plugins for Editor in 0.00 ms.
Mono: successfully reloaded assembly
- Completed reload, in  1.745 seconds
Platform modules already initialized, skipping
Refreshing native plugins compatible for Editor in 0.65 ms, found 2 plugins.
Preloading 0 native plugins for Editor in 0.01 ms.
Unloading 3361 Unused Serialized files (Serialized files now loaded: 0)
System memory in use before: 143.3 MB.
System memory in use after: 143.4 MB.

Unloading 17 unused Assets to reduce memory usage. Loaded Objects now: 3916.
Total: 2.688889 ms (FindLiveObjects: 0.311283 ms CreateObjectMapping: 0.097708 ms MarkObjects: 2.143010 ms  DeleteObjects: 0.105949 ms)

========================================================================
Received Import Request.
  Time since last request: 941.822938 seconds.
  path: Assets/Prefab/Enemy.prefab
  artifactKey: Guid(abb9657c34d171041b2104b4d4126bee) Importer(815301076,1909f56bfc062723c751e8b465ee728b)
Start importing Assets/Prefab/Enemy.prefab using Guid(abb9657c34d171041b2104b4d4126bee) Importer(815301076,1909f56bfc062723c751e8b465ee728b)  -> (artifact id: '7d6a8eff04c6bf91f23c9c4e819c6eb3') in 0.191218 seconds 
========================================================================
Received Prepare
Registering precompiled user dll's ...
Registered in 0.003821 seconds.
Begin MonoManager ReloadAssembly
Native extension for WindowsStandalone target not found
Refreshing native plugins compatible for Editor in 0.65 ms, found 2 plugins.
Preloading 0 native plugins for Editor in 0.01 ms.
Mono: successfully reloaded assembly
- Completed reload, in  1.775 seconds
Platform modules already initialized, skipping
Refreshing native plugins compatible for Editor in 0.65 ms, found 2 plugins.
Preloading 0 native plugins for Editor in 0.00 ms.
Unloading 3361 Unused Serialized files (Serialized files now loaded: 0)
System memory in use before: 143.3 MB.
System memory in use after: 143.4 MB.

Unloading 17 unused Assets to reduce memory usage. Loaded Objects now: 3921.
Total: 2.969931 ms (FindLiveObjects: 0.443632 ms CreateObjectMapping: 0.125784 ms MarkObjects: 2.236527 ms  DeleteObjects: 0.134654 ms)

========================================================================
Received Prepare
Registering precompiled user dll's ...
Registered in 0.003754 seconds.
Begin MonoManager ReloadAssembly
Native extension for WindowsStandalone target not found
Refreshing native plugins compatible for Editor in 0.64 ms, found 2 plugins.
Preloading 0 native plugins for Editor in 0.01 ms.
Mono: successfully reloaded assembly
- Completed reload, in  1.771 seconds
Platform modules already initialized, skipping
Refreshing native plugins compatible for Editor in 0.77 ms, found 2 plugins.
Preloading 0 native plugins for Editor in 0.00 ms.
Unloading 3361 Unused Serialized files (Serialized files now loaded: 0)
System memory in use before: 143.3 MB.
System memory in use after: 143.4 MB.

Unloading 17 unused Assets to reduce memory usage. Loaded Objects now: 3925.
Total: 2.673524 ms (FindLiveObjects: 0.311492 ms CreateObjectMapping: 0.089676 ms MarkObjects: 2.130019 ms  DeleteObjects: 0.107765 ms)

========================================================================
Received Prepare
Registering precompiled user dll's ...
Registered in 0.003777 seconds.
Begin MonoManager ReloadAssembly
Native extension for WindowsStandalone target not found
Refreshing native plugins compatible for Editor in 0.63 ms, found 2 plugins.
Preloading 0 native plugins for Editor in 0.00 ms.
Mono: successfully reloaded assembly
- Completed reload, in  1.576 seconds
Platform modules already initialized, skipping
Refreshing native plugins compatible for Editor in 0.65 ms, found 2 plugins.
Preloading 0 native plugins for Editor in 0.00 ms.
Unloading 3361 Unused Serialized files (Serialized files now loaded: 0)
System memory in use before: 143.3 MB.
System memory in use after: 143.4 MB.

Unloading 17 unused Assets to reduce memory usage. Loaded Objects now: 3929.
Total: 2.569321 ms (FindLiveObjects: 0.303111 ms CreateObjectMapping: 0.087302 ms MarkObjects: 2.049981 ms  DeleteObjects: 0.103225 ms)

========================================================================
Received Import Request.
  Time since last request: 1254.934273 seconds.
  path: ProjectSettings/TagManager.asset
  artifactKey: Guid(00000000000000003000000000000000) Importer(815301076,1909f56bfc062723c751e8b465ee728b)
Start importing ProjectSettings/TagManager.asset using Guid(00000000000000003000000000000000) Importer(815301076,1909f56bfc062723c751e8b465ee728b)  -> (artifact id: 'd460cff7eab2a4f47601416dbbc72eb2') in 0.020978 seconds 
========================================================================
Received Prepare
Registering precompiled user dll's ...
Registered in 0.003916 seconds.
Begin MonoManager ReloadAssembly
Native extension for WindowsStandalone target not found
Refreshing native plugins compatible for Editor in 0.67 ms, found 2 plugins.
Preloading 0 native plugins for Editor in 0.01 ms.
Mono: successfully reloaded assembly
- Completed reload, in  2.017 seconds
Platform modules already initialized, skipping
Refreshing native plugins compatible for Editor in 0.62 ms, found 2 plugins.
Preloading 0 native plugins for Editor in 0.00 ms.
Unloading 3361 Unused Serialized files (Serialized files now loaded: 0)
System memory in use before: 143.3 MB.
System memory in use after: 143.4 MB.

Unloading 18 unused Assets to reduce memory usage. Loaded Objects now: 3933.
Total: 2.532165 ms (FindLiveObjects: 0.291378 ms CreateObjectMapping: 0.085905 ms MarkObjects: 2.033429 ms  DeleteObjects: 0.099594 ms)

========================================================================
Received Import Request.
  Time since last request: 30.260100 seconds.
  path: Assets/Scripts/Enemy.cs
  artifactKey: Guid(4174a0de4bf9ef14abffed8fab06bfb7) Importer(815301076,1909f56bfc062723c751e8b465ee728b)
Start importing Assets/Scripts/Enemy.cs using Guid(4174a0de4bf9ef14abffed8fab06bfb7) Importer(815301076,1909f56bfc062723c751e8b465ee728b)  -> (artifact id: 'a23ee8ca2ca12389dc0a91cb8dd5f33a') in 0.008022 seconds 
========================================================================
Received Prepare
Registering precompiled user dll's ...
Registered in 0.003695 seconds.
Begin MonoManager ReloadAssembly
Native extension for WindowsStandalone target not found
Refreshing native plugins compatible for Editor in 0.65 ms, found 2 plugins.
Preloading 0 native plugins for Editor in 0.01 ms.
Mono: successfully reloaded assembly
- Completed reload, in  1.793 seconds
Platform modules already initialized, skipping
Refreshing native plugins compatible for Editor in 0.66 ms, found 2 plugins.
Preloading 0 native plugins for Editor in 0.01 ms.
Unloading 3362 Unused Serialized files (Serialized files now loaded: 0)
System memory in use before: 143.3 MB.
System memory in use after: 143.5 MB.

Unloading 17 unused Assets to reduce memory usage. Loaded Objects now: 3938.
Total: 2.819073 ms (FindLiveObjects: 0.339079 ms CreateObjectMapping: 0.089746 ms MarkObjects: 2.252381 ms  DeleteObjects: 0.113143 ms)

========================================================================
Received Import Request.
  Time since last request: 19.831727 seconds.
  path: Assets/Prefab/Enemy.prefab
  artifactKey: Guid(abb9657c34d171041b2104b4d4126bee) Importer(815301076,1909f56bfc062723c751e8b465ee728b)
Start importing Assets/Prefab/Enemy.prefab using Guid(abb9657c34d171041b2104b4d4126bee) Importer(815301076,1909f56bfc062723c751e8b465ee728b)  -> (artifact id: '9c93fbec399d10f82bae538cc5829ba3') in 0.119931 seconds 
========================================================================
Received Prepare
Registering precompiled user dll's ...
Registered in 0.003744 seconds.
Begin MonoManager ReloadAssembly
Native extension for WindowsStandalone target not found
Refreshing native plugins compatible for Editor in 0.66 ms, found 2 plugins.
Preloading 0 native plugins for Editor in 0.01 ms.
Mono: successfully reloaded assembly
- Completed reload, in  1.800 seconds
Platform modules already initialized, skipping
Refreshing native plugins compatible for Editor in 0.65 ms, found 2 plugins.
Preloading 0 native plugins for Editor in 0.00 ms.
Unloading 3362 Unused Serialized files (Serialized files now loaded: 0)
System memory in use before: 143.4 MB.
System memory in use after: 143.5 MB.

Unloading 17 unused Assets to reduce memory usage. Loaded Objects now: 3943.
Total: 2.805454 ms (FindLiveObjects: 0.308419 ms CreateObjectMapping: 0.090375 ms MarkObjects: 2.262019 ms  DeleteObjects: 0.112095 ms)

========================================================================
Received Import Request.
  Time since last request: 64.451285 seconds.
  path: Assets/Scripts/Enemy.cs
  artifactKey: Guid(4174a0de4bf9ef14abffed8fab06bfb7) Importer(815301076,1909f56bfc062723c751e8b465ee728b)
Start importing Assets/Scripts/Enemy.cs using Guid(4174a0de4bf9ef14abffed8fab06bfb7) Importer(815301076,1909f56bfc062723c751e8b465ee728b)  -> (artifact id: '44fd8f115369d85e7236b5e0cd03d913') in 0.008344 seconds 
========================================================================
Received Import Request.
  Time since last request: 15.633366 seconds.
  path: Assets/Scripts/Destroy.cs
  artifactKey: Guid(5fbe02ef25aceae4ab9cebfd24a7e778) Importer(815301076,1909f56bfc062723c751e8b465ee728b)
Start importing Assets/Scripts/Destroy.cs using Guid(5fbe02ef25aceae4ab9cebfd24a7e778) Importer(815301076,1909f56bfc062723c751e8b465ee728b)  -> (artifact id: '5e701954d799087da3cc4553dd06ff39') in 0.012949 seconds 
========================================================================
Received Prepare
Registering precompiled user dll's ...
Registered in 0.003975 seconds.
Begin MonoManager ReloadAssembly
Native extension for WindowsStandalone target not found
Refreshing native plugins compatible for Editor in 0.65 ms, found 2 plugins.
Preloading 0 native plugins for Editor in 0.00 ms.
Mono: successfully reloaded assembly
- Completed reload, in  1.964 seconds
Platform modules already initialized, skipping
Refreshing native plugins compatible for Editor in 0.63 ms, found 2 plugins.
Preloading 0 native plugins for Editor in 0.00 ms.
Unloading 3363 Unused Serialized files (Serialized files now loaded: 0)
System memory in use before: 143.4 MB.
System memory in use after: 143.5 MB.

Unloading 17 unused Assets to reduce memory usage. Loaded Objects now: 3948.
Total: 2.620375 ms (FindLiveObjects: 0.300178 ms CreateObjectMapping: 0.089676 ms MarkObjects: 2.097543 ms  DeleteObjects: 0.100432 ms)

========================================================================
Received Prepare
Registering precompiled user dll's ...
Registered in 0.003835 seconds.
Begin MonoManager ReloadAssembly
Native extension for WindowsStandalone target not found
Refreshing native plugins compatible for Editor in 0.64 ms, found 2 plugins.
Preloading 0 native plugins for Editor in 0.00 ms.
Mono: successfully reloaded assembly
- Completed reload, in  1.776 seconds
Platform modules already initialized, skipping
Refreshing native plugins compatible for Editor in 0.65 ms, found 2 plugins.
Preloading 0 native plugins for Editor in 0.01 ms.
Unloading 3363 Unused Serialized files (Serialized files now loaded: 0)
System memory in use before: 143.4 MB.
System memory in use after: 143.5 MB.

Unloading 17 unused Assets to reduce memory usage. Loaded Objects now: 3952.
Total: 2.652711 ms (FindLiveObjects: 0.302064 ms CreateObjectMapping: 0.089606 ms MarkObjects: 2.111022 ms  DeleteObjects: 0.109232 ms)

========================================================================
Received Import Request.
  Time since last request: 135.531150 seconds.
  path: Assets/Scripts/Destroy.cs
  artifactKey: Guid(5fbe02ef25aceae4ab9cebfd24a7e778) Importer(815301076,1909f56bfc062723c751e8b465ee728b)
Start importing Assets/Scripts/Destroy.cs using Guid(5fbe02ef25aceae4ab9cebfd24a7e778) Importer(815301076,1909f56bfc062723c751e8b465ee728b)  -> (artifact id: 'd9cb1e72c38958f9f3478a871c7a80d9') in 0.008678 seconds 
========================================================================
Received Prepare
Registering precompiled user dll's ...
Registered in 0.003799 seconds.
Begin MonoManager ReloadAssembly
Native extension for WindowsStandalone target not found
Refreshing native plugins compatible for Editor in 0.65 ms, found 2 plugins.
Preloading 0 native plugins for Editor in 0.00 ms.
Mono: successfully reloaded assembly
- Completed reload, in  1.643 seconds
Platform modules already initialized, skipping
Refreshing native plugins compatible for Editor in 0.62 ms, found 2 plugins.
Preloading 0 native plugins for Editor in 0.00 ms.
Unloading 3363 Unused Serialized files (Serialized files now loaded: 0)
System memory in use before: 143.4 MB.
System memory in use after: 143.5 MB.

Unloading 17 unused Assets to reduce memory usage. Loaded Objects now: 3956.
Total: 2.586153 ms (FindLiveObjects: 0.291448 ms CreateObjectMapping: 0.087651 ms MarkObjects: 2.085949 ms  DeleteObjects: 0.098476 ms)

========================================================================
Received Prepare
Registering precompiled user dll's ...
Registered in 0.003763 seconds.
Begin MonoManager ReloadAssembly
Native extension for WindowsStandalone target not found
Refreshing native plugins compatible for Editor in 0.65 ms, found 2 plugins.
Preloading 0 native plugins for Editor in 0.00 ms.
Mono: successfully reloaded assembly
- Completed reload, in  1.636 seconds
Platform modules already initialized, skipping
Refreshing native plugins compatible for Editor in 0.63 ms, found 2 plugins.
Preloading 0 native plugins for Editor in 0.01 ms.
Unloading 3363 Unused Serialized files (Serialized files now loaded: 0)
System memory in use before: 143.4 MB.
System memory in use after: 143.6 MB.

Unloading 17 unused Assets to reduce memory usage. Loaded Objects now: 3960.
Total: 2.856788 ms (FindLiveObjects: 0.327625 ms CreateObjectMapping: 0.094356 ms MarkObjects: 2.289397 ms  DeleteObjects: 0.110140 ms)

========================================================================
Received Prepare
Registering precompiled user dll's ...
Registered in 0.003765 seconds.
Begin MonoManager ReloadAssembly
Native extension for WindowsStandalone target not found
Refreshing native plugins compatible for Editor in 0.68 ms, found 2 plugins.
Preloading 0 native plugins for Editor in 0.00 ms.
Mono: successfully reloaded assembly
- Completed reload, in  2.100 seconds
Platform modules already initialized, skipping
Refreshing native plugins compatible for Editor in 0.63 ms, found 2 plugins.
Preloading 0 native plugins for Editor in 0.01 ms.
Unloading 3363 Unused Serialized files (Serialized files now loaded: 0)
System memory in use before: 143.5 MB.
System memory in use after: 143.6 MB.

Unloading 17 unused Assets to reduce memory usage. Loaded Objects now: 3964.
Total: 2.593137 ms (FindLiveObjects: 0.297454 ms CreateObjectMapping: 0.092051 ms MarkObjects: 2.065346 ms  DeleteObjects: 0.108394 ms)

========================================================================
Received Prepare
Registering precompiled user dll's ...
Registered in 0.003912 seconds.
Begin MonoManager ReloadAssembly
Native extension for WindowsStandalone target not found
Refreshing native plugins compatible for Editor in 0.64 ms, found 2 plugins.
Preloading 0 native plugins for Editor in 0.00 ms.
Mono: successfully reloaded assembly
- Completed reload, in  1.587 seconds
Platform modules already initialized, skipping
Refreshing native plugins compatible for Editor in 0.63 ms, found 2 plugins.
Preloading 0 native plugins for Editor in 0.00 ms.
Unloading 3363 Unused Serialized files (Serialized files now loaded: 0)
System memory in use before: 143.5 MB.
System memory in use after: 143.6 MB.

Unloading 17 unused Assets to reduce memory usage. Loaded Objects now: 3968.
Total: 2.587550 ms (FindLiveObjects: 0.302203 ms CreateObjectMapping: 0.088489 ms MarkObjects: 2.071003 ms  DeleteObjects: 0.103924 ms)

========================================================================
Received Prepare
Registering precompiled user dll's ...
Registered in 0.003768 seconds.
Begin MonoManager ReloadAssembly
Native extension for WindowsStandalone target not found
Refreshing native plugins compatible for Editor in 0.66 ms, found 2 plugins.
Preloading 0 native plugins for Editor in 0.01 ms.
Mono: successfully reloaded assembly
- Completed reload, in  2.096 seconds
Platform modules already initialized, skipping
Refreshing native plugins compatible for Editor in 0.69 ms, found 2 plugins.
Preloading 0 native plugins for Editor in 0.01 ms.
Unloading 3363 Unused Serialized files (Serialized files now loaded: 0)
System memory in use before: 143.5 MB.
System memory in use after: 143.6 MB.

Unloading 17 unused Assets to reduce memory usage. Loaded Objects now: 3972.
Total: 4.620559 ms (FindLiveObjects: 1.161321 ms CreateObjectMapping: 0.433086 ms MarkObjects: 2.879835 ms  DeleteObjects: 0.111117 ms)

========================================================================
Received Import Request.
  Time since last request: 376.154823 seconds.
  path: Assets/Scripts/Destroy.cs
  artifactKey: Guid(5fbe02ef25aceae4ab9cebfd24a7e778) Importer(815301076,1909f56bfc062723c751e8b465ee728b)
Start importing Assets/Scripts/Destroy.cs using Guid(5fbe02ef25aceae4ab9cebfd24a7e778) Importer(815301076,1909f56bfc062723c751e8b465ee728b)  -> (artifact id: '74cb490675ce00e9677fd2a628c45b4c') in 0.008622 seconds 
========================================================================
Received Prepare
Registering precompiled user dll's ...
Registered in 0.003887 seconds.
Begin MonoManager ReloadAssembly
Native extension for WindowsStandalone target not found
Refreshing native plugins compatible for Editor in 0.65 ms, found 2 plugins.
Preloading 0 native plugins for Editor in 0.00 ms.
Mono: successfully reloaded assembly
- Completed reload, in  1.760 seconds
Platform modules already initialized, skipping
Refreshing native plugins compatible for Editor in 0.68 ms, found 2 plugins.
Preloading 0 native plugins for Editor in 0.01 ms.
Unloading 3363 Unused Serialized files (Serialized files now loaded: 0)
System memory in use before: 143.5 MB.
System memory in use after: 143.6 MB.

Unloading 17 unused Assets to reduce memory usage. Loaded Objects now: 3976.
Total: 3.345746 ms (FindLiveObjects: 0.451105 ms CreateObjectMapping: 0.185848 ms MarkObjects: 2.555213 ms  DeleteObjects: 0.118241 ms)

========================================================================
Received Prepare
Registering precompiled user dll's ...
Registered in 0.003761 seconds.
Begin MonoManager ReloadAssembly
Native extension for WindowsStandalone target not found
Refreshing native plugins compatible for Editor in 0.64 ms, found 2 plugins.
Preloading 0 native plugins for Editor in 0.00 ms.
Mono: successfully reloaded assembly
- Completed reload, in  1.817 seconds
Platform modules already initialized, skipping
Refreshing native plugins compatible for Editor in 0.64 ms, found 2 plugins.
Preloading 0 native plugins for Editor in 0.01 ms.
Unloading 3363 Unused Serialized files (Serialized files now loaded: 0)
System memory in use before: 143.5 MB.
System memory in use after: 143.6 MB.

Unloading 17 unused Assets to reduce memory usage. Loaded Objects now: 3980.
Total: 3.518115 ms (FindLiveObjects: 0.821962 ms CreateObjectMapping: 0.105740 ms MarkObjects: 2.424959 ms  DeleteObjects: 0.120546 ms)

========================================================================
Received Prepare
Registering precompiled user dll's ...
Registered in 0.003698 seconds.
Begin MonoManager ReloadAssembly
Native extension for WindowsStandalone target not found
Refreshing native plugins compatible for Editor in 0.87 ms, found 2 plugins.
Preloading 0 native plugins for Editor in 0.01 ms.
Mono: successfully reloaded assembly
- Completed reload, in  1.918 seconds
Platform modules already initialized, skipping
Refreshing native plugins compatible for Editor in 0.63 ms, found 2 plugins.
Preloading 0 native plugins for Editor in 0.00 ms.
Unloading 3363 Unused Serialized files (Serialized files now loaded: 0)
System memory in use before: 143.5 MB.
System memory in use after: 143.6 MB.

Unloading 17 unused Assets to reduce memory usage. Loaded Objects now: 3984.
Total: 3.505893 ms (FindLiveObjects: 0.374210 ms CreateObjectMapping: 0.123060 ms MarkObjects: 2.846451 ms  DeleteObjects: 0.129765 ms)

========================================================================
Received Prepare
Registering precompiled user dll's ...
Registered in 0.003808 seconds.
Begin MonoManager ReloadAssembly
Native extension for WindowsStandalone target not found
Refreshing native plugins compatible for Editor in 0.65 ms, found 2 plugins.
Preloading 0 native plugins for Editor in 0.00 ms.
Mono: successfully reloaded assembly
- Completed reload, in  1.748 seconds
Platform modules already initialized, skipping
Refreshing native plugins compatible for Editor in 0.65 ms, found 2 plugins.
Preloading 0 native plugins for Editor in 0.00 ms.
Unloading 3363 Unused Serialized files (Serialized files now loaded: 0)
System memory in use before: 143.5 MB.
System memory in use after: 143.6 MB.

Unloading 17 unused Assets to reduce memory usage. Loaded Objects now: 3988.
Total: 2.931378 ms (FindLiveObjects: 0.331257 ms CreateObjectMapping: 0.090654 ms MarkObjects: 2.352394 ms  DeleteObjects: 0.126692 ms)

========================================================================
Received Prepare
Registering precompiled user dll's ...
Registered in 0.003765 seconds.
Begin MonoManager ReloadAssembly
Native extension for WindowsStandalone target not found
Refreshing native plugins compatible for Editor in 0.98 ms, found 2 plugins.
Preloading 0 native plugins for Editor in 0.00 ms.
Mono: successfully reloaded assembly
- Completed reload, in  1.770 seconds
Platform modules already initialized, skipping
Refreshing native plugins compatible for Editor in 0.64 ms, found 2 plugins.
Preloading 0 native plugins for Editor in 0.00 ms.
Unloading 3363 Unused Serialized files (Serialized files now loaded: 0)
System memory in use before: 143.5 MB.
System memory in use after: 143.6 MB.

Unloading 17 unused Assets to reduce memory usage. Loaded Objects now: 3992.
Total: 2.734496 ms (FindLiveObjects: 0.358775 ms CreateObjectMapping: 0.090584 ms MarkObjects: 2.149645 ms  DeleteObjects: 0.110629 ms)

========================================================================
Received Prepare
Registering precompiled user dll's ...
Registered in 0.003719 seconds.
Begin MonoManager ReloadAssembly
Native extension for WindowsStandalone target not found
Refreshing native plugins compatible for Editor in 0.65 ms, found 2 plugins.
Preloading 0 native plugins for Editor in 0.01 ms.
Mono: successfully reloaded assembly
- Completed reload, in  1.806 seconds
Platform modules already initialized, skipping
Refreshing native plugins compatible for Editor in 0.62 ms, found 2 plugins.
Preloading 0 native plugins for Editor in 0.00 ms.
Unloading 3363 Unused Serialized files (Serialized files now loaded: 0)
System memory in use before: 143.5 MB.
System memory in use after: 143.6 MB.

Unloading 17 unused Assets to reduce memory usage. Loaded Objects now: 3996.
Total: 2.615835 ms (FindLiveObjects: 0.299689 ms CreateObjectMapping: 0.087790 ms MarkObjects: 2.102083 ms  DeleteObjects: 0.104133 ms)

AssetImportWorkerClient::OnTransportError - code=2 error=End of file
